<component name="libraryTable">
  <library name="junit-4.8.jar">
    <CLASSES>
      <root url="file://$APPLICATION_HOME_DIR$/lib" />
      <root url="file://$APPLICATION_HOME_DIR$/lib" />
    </CLASSES>
    <JAVADOC />
    <SOURCES />
    <jarDirectory url="file://$APPLICATION_HOME_DIR$/lib" recursive="false" />
  </library>
</component>