<?xml version="1.0" encoding="UTF-8"?>
<project version="4">
  <component name="JUnitGeneratorSettings">
    <option name="generateForOverloadedMethods" value="false" />
    <option name="listOverloadedMethodsBy" />
    <option name="outputFilePattern" />
    <option name="selectedTemplateKey" value="JUnit 4" />
    <option name="useProjectSettings" value="true" />
    <option name="vmTemplates">
      <map />
    </option>
  </component>
</project>

